<?xml version="1.0" encoding="UTF-8"?>
<!-- Generated by org.testng.reporters.JUnitReportReporter -->
<testsuite hostname="Yogesh" failures="0" tests="1" name="baseclass.Login_page" time="0.010" errors="0" timestamp="2023-11-16T17:13:28 IST" skipped="0">
  <testcase classname="baseclass.Login_page" name="login" time="0.010"/>
</testsuite> <!-- baseclass.Login_page -->
